INFO: 2020-06-24 23:17:40,614: main() 'Using profile folder /home/drmdub/.config/variety/'
INFO: 2020-06-24 23:17:40,616: makedirs() 'Creating folder /home/drmdub/.config/variety/plugins'
INFO: 2020-06-24 23:17:40,616: perform_upgrade() 'Last run version was 0.4.12 or earlier, current version is 0.8.3'
INFO: 2020-06-24 23:17:40,657: perform_upgrade() 'Performing upgrade to 0.4.13'
INFO: 2020-06-24 23:17:40,658: perform_upgrade() 'Writing .variety_download_folder to current download folder /home/drmdub/.config/variety/Downloaded'
INFO: 2020-06-24 23:17:40,658: makedirs() 'Creating folder /home/drmdub/.config/variety/Downloaded'
INFO: 2020-06-24 23:17:40,658: perform_upgrade() 'Performing upgrade to 0.4.14'
INFO: 2020-06-24 23:17:40,659: perform_upgrade() 'Performing upgrade to 0.8.0'
INFO: 2020-06-24 23:17:40,660: perform_upgrade() 'Performing upgrade to 0.8.2'
INFO: 2020-06-24 23:17:40,662: perform_upgrade() 'Performing upgrade to 0.8.3'
INFO: 2020-06-24 23:17:40,664: write_current_version() 'Writing current version 0.8.3 to .version'
INFO: 2020-06-24 23:17:40,664: process_command() 'Received command: []'
INFO: 2020-06-24 23:17:40,666: load_banned() 'Missing or invalid banned URLs list, no URLs will be banned'
INFO: 2020-06-24 23:17:40,675: start() 'Using data_path /usr/share/variety'
INFO: 2020-06-24 23:17:40,675: load() 'Jumble loading'
INFO: 2020-06-24 23:17:40,675: _walk_modules() 'Jumble loading module in __init__ from /usr/lib/python3.8/site-packages/variety/plugins/builtin/__init__.py'
INFO: 2020-06-24 23:17:40,675: _walk_modules() 'Jumble loading module in MediaRSSDownloader from /usr/lib/python3.8/site-packages/variety/plugins/builtin/downloaders/MediaRSSDownloader.py'
INFO: 2020-06-24 23:17:40,676: _walk_modules() 'Jumble loading module in BingDownloader from /usr/lib/python3.8/site-packages/variety/plugins/builtin/downloaders/BingDownloader.py'
INFO: 2020-06-24 23:17:40,677: load() 'Jumble found plugin class: <class 'BingDownloader.BingDownloader'>: {'name': 'BingDownloader', 'description': 'Bing Photo of the Day', 'author': 'Peter Levi', 'version': '0.1'}'
INFO: 2020-06-24 23:17:40,677: _walk_modules() 'Jumble loading module in DesktopprDownloader from /usr/lib/python3.8/site-packages/variety/plugins/builtin/downloaders/DesktopprDownloader.py'
INFO: 2020-06-24 23:17:40,677: load() 'Jumble found plugin class: <class 'DesktopprDownloader.DesktopprDownloader'>: {'name': 'DesktopprDownloader', 'description': 'Random wallpapers from Desktoppr.co', 'author': 'Peter Levi', 'version': '0.1'}'
INFO: 2020-06-24 23:17:40,677: _walk_modules() 'Jumble loading module in UnsplashConfigurableSource from /usr/lib/python3.8/site-packages/variety/plugins/builtin/downloaders/UnsplashConfigurableSource.py'
INFO: 2020-06-24 23:17:40,678: load() 'Jumble found plugin class: <class 'UnsplashConfigurableSource.UnsplashConfigurableSource'>: {'name': 'UnsplashConfigurableSource', 'description': 'Configurable source for fetching photos from Unsplash.com', 'author': 'Peter Levi', 'version': '0.1'}'
INFO: 2020-06-24 23:17:40,679: _walk_modules() 'Jumble loading module in RedditDownloader from /usr/lib/python3.8/site-packages/variety/plugins/builtin/downloaders/RedditDownloader.py'
INFO: 2020-06-24 23:17:40,679: _walk_modules() 'Jumble loading module in RedditSource from /usr/lib/python3.8/site-packages/variety/plugins/builtin/downloaders/RedditSource.py'
INFO: 2020-06-24 23:17:40,680: load() 'Jumble found plugin class: <class 'RedditSource.RedditSource'>: {'name': 'RedditSource', 'description': 'Configurable source for fetching images from Reddit', 'author': 'Peter Levi', 'version': '0.1'}'
INFO: 2020-06-24 23:17:40,680: _walk_modules() 'Jumble loading module in UnsplashDownloader from /usr/lib/python3.8/site-packages/variety/plugins/builtin/downloaders/UnsplashDownloader.py'
INFO: 2020-06-24 23:17:40,680: load() 'Jumble found plugin class: <class 'UnsplashDownloader.UnsplashDownloader'>: {'name': 'UnsplashDownloader', 'description': 'High-resolution photos from Unsplash.com', 'author': 'Peter Levi', 'version': '0.1'}'
INFO: 2020-06-24 23:17:40,680: _walk_modules() 'Jumble loading module in EarthviewDownloader from /usr/lib/python3.8/site-packages/variety/plugins/builtin/downloaders/EarthviewDownloader.py'
INFO: 2020-06-24 23:17:40,680: load() 'Jumble found plugin class: <class 'EarthviewDownloader.EarthviewDownloader'>: {'name': 'EarthviewDownloader', 'description': 'Google Earth View Wallpapers', 'author': 'Peter Levi', 'version': '0.1'}'
INFO: 2020-06-24 23:17:40,681: _walk_modules() 'Jumble loading module in ChromeOSWallpapersDownloader from /usr/lib/python3.8/site-packages/variety/plugins/builtin/downloaders/ChromeOSWallpapersDownloader.py'
INFO: 2020-06-24 23:17:40,681: load() 'Jumble found plugin class: <class 'ChromeOSWallpapersDownloader.ChromeOSWallpapersDownloader'>: {'name': 'ChromeOsWallpapersDownloader', 'description': 'Chrome OS Wallpapers', 'author': 'Peter Levi', 'version': '0.1'}'
INFO: 2020-06-24 23:17:40,681: _walk_modules() 'Jumble loading module in MediaRSSSource from /usr/lib/python3.8/site-packages/variety/plugins/builtin/downloaders/MediaRSSSource.py'
INFO: 2020-06-24 23:17:40,682: load() 'Jumble found plugin class: <class 'MediaRSSSource.MediaRSSSource'>: {'name': 'MediaRSSSource', 'description': 'Configurable source for fetching images from MediaRSS feeds', 'author': 'Peter Levi', 'version': '0.1'}'
INFO: 2020-06-24 23:17:40,682: _walk_modules() 'Jumble loading module in APODDownloader from /usr/lib/python3.8/site-packages/variety/plugins/builtin/downloaders/APODDownloader.py'
INFO: 2020-06-24 23:17:40,682: load() 'Jumble found plugin class: <class 'APODDownloader.APODDownloader'>: {'name': 'APODDownloader', 'description': 'NASA Astro Pic of the Day', 'author': 'Peter Levi', 'version': '0.1'}'
INFO: 2020-06-24 23:17:40,682: _walk_modules() 'Jumble loading module in WallhavenDownloader from /usr/lib/python3.8/site-packages/variety/plugins/builtin/downloaders/WallhavenDownloader.py'
INFO: 2020-06-24 23:17:40,683: _walk_modules() 'Jumble loading module in __init__ from /usr/lib/python3.8/site-packages/variety/plugins/builtin/downloaders/__init__.py'
INFO: 2020-06-24 23:17:40,683: _walk_modules() 'Jumble loading module in WallhavenSource from /usr/lib/python3.8/site-packages/variety/plugins/builtin/downloaders/WallhavenSource.py'
INFO: 2020-06-24 23:17:40,683: load() 'Jumble found plugin class: <class 'WallhavenSource.WallhavenSource'>: {'name': 'MediaRSSSource', 'description': 'Configurable source for fetching images from Wallhaven.cc', 'author': 'Peter Levi', 'version': '0.1'}'
INFO: 2020-06-24 23:17:40,684: _walk_modules() 'Jumble loading module in QuotationsPageSource from /usr/lib/python3.8/site-packages/variety/plugins/builtin/quotes/QuotationsPageSource.py'
INFO: 2020-06-24 23:17:40,688: load() 'Jumble found plugin class: <class 'QuotationsPageSource.QuotationsPageSource'>: {'name': 'TheQuotationsPage.com', 'description': 'Fetches quotes from TheQuotationsPage.com', 'author': 'Peter Levi', 'version': '0.1'}'
INFO: 2020-06-24 23:17:40,688: _walk_modules() 'Jumble loading module in UrbanDictionarySource from /usr/lib/python3.8/site-packages/variety/plugins/builtin/quotes/UrbanDictionarySource.py'
INFO: 2020-06-24 23:17:40,688: load() 'Jumble found plugin class: <class 'UrbanDictionarySource.UrbanDictionarySource'>: {'name': 'Urban Dictionary', 'description': 'Displays definitions from Urban Dictionary', 'author': 'James Miller', 'version': '0.1'}'
INFO: 2020-06-24 23:17:40,688: _walk_modules() 'Jumble loading module in LocalFilesSource from /usr/lib/python3.8/site-packages/variety/plugins/builtin/quotes/LocalFilesSource.py'
INFO: 2020-06-24 23:17:40,689: load() 'Jumble found plugin class: <class 'LocalFilesSource.LocalFilesSource'>: {'name': 'Local text files', 'description': 'Displays quotes, defined in local text files.\nPut your own txt files in: ~/.config/variety/pluginconfig/quotes/.\nThe file format is:\n\nquote -- author\n.\nsecond quote -- another author\n.\netc...\n\nExample: http://rvelthuis.de/zips/quotes.txt', 'author': 'Peter Levi', 'version': '0.1'}'
INFO: 2020-06-24 23:17:40,689: _walk_modules() 'Jumble loading module in GoodreadsSource from /usr/lib/python3.8/site-packages/variety/plugins/builtin/quotes/GoodreadsSource.py'
INFO: 2020-06-24 23:17:40,689: load() 'Jumble found plugin class: <class 'GoodreadsSource.GoodreadsSource'>: {'name': 'Goodreads', 'description': 'Fetches quotes from Goodreads.com', 'author': 'Peter Levi', 'version': '0.1'}'
INFO: 2020-06-24 23:17:40,689: _walk_modules() 'Jumble loading module in FortuneSource from /usr/lib/python3.8/site-packages/variety/plugins/builtin/quotes/FortuneSource.py'
INFO: 2020-06-24 23:17:40,690: load() 'Jumble found plugin class: <class 'FortuneSource.FortuneSource'>: {'name': 'UNIX fortune program', 'description': 'Displays quotes using the UNIX fortune program. You may want to install additional fortune packs, e.g. fortunes-bofh-excuses.', 'author': 'Dan Jones', 'version': '0.1'}'
INFO: 2020-06-24 23:17:40,690: _walk_modules() 'Jumble loading module in __init__ from /usr/lib/python3.8/site-packages/variety/plugins/builtin/quotes/__init__.py'
INFO: 2020-06-24 23:17:40,699: makedirs() 'Creating folder /home/drmdub/.config/variety/pluginconfig/downloaders'
INFO: 2020-06-24 23:17:40,700: makedirs() 'Creating folder /home/drmdub/.config/variety/Favorites'
INFO: 2020-06-24 23:17:40,700: makedirs() 'Creating folder /home/drmdub/.config/variety/Fetched'
INFO: 2020-06-24 23:17:40,700: log_options() 'Loaded options:'
INFO: 2020-06-24 23:17:40,700: log_options() 'change_enabled = False'
INFO: 2020-06-24 23:17:40,700: log_options() 'change_interval = 300'
INFO: 2020-06-24 23:17:40,700: log_options() 'change_on_start = False'
INFO: 2020-06-24 23:17:40,700: log_options() 'clipboard_enabled = False'
INFO: 2020-06-24 23:17:40,700: log_options() 'clipboard_hosts = ['wallhaven.cc', 'wallpapers.net', 'flickr.com', 'imgur.com', 'deviantart.com', 'interfacelift.com', 'vladstudio.com', 'imageshack.us', 'deviantart.net', 'imageshack.com']'
INFO: 2020-06-24 23:17:40,700: log_options() 'clipboard_use_whitelist = True'
INFO: 2020-06-24 23:17:40,700: log_options() 'clock_date_font = Ubuntu Condensed, 30'
INFO: 2020-06-24 23:17:40,700: log_options() 'clock_enabled = False'
INFO: 2020-06-24 23:17:40,701: log_options() 'clock_filter = -density 100 -font `fc-match -f '%{file[0]}' '%CLOCK_FONT_NAME'` -pointsize %CLOCK_FONT_SIZE -gravity SouthEast -fill '#00000044' -annotate 0x0+[%HOFFSET+58]+[%VOFFSET+108] '%H:%M' -fill white -annotate 0x0+[%HOFFSET+60]+[%VOFFSET+110] '%H:%M' -font `fc-match -f '%{file[0]}' '%DATE_FONT_NAME'` -pointsize %DATE_FONT_SIZE -fill '#00000044' -annotate 0x0+[%HOFFSET+58]+[%VOFFSET+58] '%A, %B %d' -fill white -annotate 0x0+[%HOFFSET+60]+[%VOFFSET+60] '%A, %B %d''
INFO: 2020-06-24 23:17:40,701: log_options() 'clock_font = Ubuntu Condensed, 70'
INFO: 2020-06-24 23:17:40,701: log_options() 'configfile = /home/drmdub/.config/variety/variety.conf'
INFO: 2020-06-24 23:17:40,701: log_options() 'copyto_enabled = False'
INFO: 2020-06-24 23:17:40,701: log_options() 'copyto_folder = Default'
INFO: 2020-06-24 23:17:40,701: log_options() 'desired_color = [160, 160, 160]'
INFO: 2020-06-24 23:17:40,701: log_options() 'desired_color_enabled = False'
INFO: 2020-06-24 23:17:40,701: log_options() 'download_folder = /home/drmdub/.config/variety/Downloaded'
INFO: 2020-06-24 23:17:40,701: log_options() 'download_preference_ratio = 0.9'
INFO: 2020-06-24 23:17:40,701: log_options() 'favorites_folder = /home/drmdub/.config/variety/Favorites'
INFO: 2020-06-24 23:17:40,701: log_options() 'favorites_operations = [['Downloaded', 'Copy'], ['Fetched', 'Move'], ['Others', 'Copy']]'
INFO: 2020-06-24 23:17:40,701: log_options() 'fetched_folder = /home/drmdub/.config/variety/Fetched'
INFO: 2020-06-24 23:17:40,701: log_options() 'filters = [[False, 'Keep original', ''], [False, 'Grayscale', '-type Grayscale'], [False, 'Heavy blur', '-blur 120x40'], [False, 'Soft blur', '-blur 20x7'], [False, 'Oil painting', '-paint 8'], [False, 'Pointilism', '-spread 10 -noise 3'], [False, 'Pixellate', '-scale 3% -scale 3333%']]'
INFO: 2020-06-24 23:17:40,701: log_options() 'icon = Light'
INFO: 2020-06-24 23:17:40,701: log_options() 'lightness_enabled = False'
INFO: 2020-06-24 23:17:40,701: log_options() 'lightness_mode = 0'
INFO: 2020-06-24 23:17:40,701: log_options() 'min_rating = 4'
INFO: 2020-06-24 23:17:40,701: log_options() 'min_rating_enabled = False'
INFO: 2020-06-24 23:17:40,701: log_options() 'min_size = 80'
INFO: 2020-06-24 23:17:40,701: log_options() 'min_size_enabled = True'
INFO: 2020-06-24 23:17:40,701: log_options() 'quota_enabled = True'
INFO: 2020-06-24 23:17:40,701: log_options() 'quota_size = 1000'
INFO: 2020-06-24 23:17:40,701: log_options() 'quotes_authors = '
INFO: 2020-06-24 23:17:40,701: log_options() 'quotes_bg_color = [80, 80, 80]'
INFO: 2020-06-24 23:17:40,701: log_options() 'quotes_bg_opacity = 55'
INFO: 2020-06-24 23:17:40,701: log_options() 'quotes_change_enabled = False'
INFO: 2020-06-24 23:17:40,701: log_options() 'quotes_change_interval = 300'
INFO: 2020-06-24 23:17:40,701: log_options() 'quotes_disabled_sources = ['Urban Dictionary']'
INFO: 2020-06-24 23:17:40,701: log_options() 'quotes_enabled = False'
INFO: 2020-06-24 23:17:40,701: log_options() 'quotes_favorites_file = /home/drmdub/.config/variety/favorite_quotes.txt'
INFO: 2020-06-24 23:17:40,701: log_options() 'quotes_font = Bitstream Charter 30'
INFO: 2020-06-24 23:17:40,701: log_options() 'quotes_hpos = 100'
INFO: 2020-06-24 23:17:40,701: log_options() 'quotes_max_length = 250'
INFO: 2020-06-24 23:17:40,701: log_options() 'quotes_tags = '
INFO: 2020-06-24 23:17:40,701: log_options() 'quotes_text_color = [255, 255, 255]'
INFO: 2020-06-24 23:17:40,701: log_options() 'quotes_text_shadow = False'
INFO: 2020-06-24 23:17:40,701: log_options() 'quotes_vpos = 40'
INFO: 2020-06-24 23:17:40,701: log_options() 'quotes_width = 70'
INFO: 2020-06-24 23:17:40,701: log_options() 'safe_mode = False'
INFO: 2020-06-24 23:17:40,701: log_options() 'slideshow_custom_enabled = False'
INFO: 2020-06-24 23:17:40,701: log_options() 'slideshow_custom_folder = /home/drmdub/Pictures'
INFO: 2020-06-24 23:17:40,701: log_options() 'slideshow_downloads_enabled = False'
INFO: 2020-06-24 23:17:40,701: log_options() 'slideshow_fade = 0.4'
INFO: 2020-06-24 23:17:40,701: log_options() 'slideshow_favorites_enabled = True'
INFO: 2020-06-24 23:17:40,701: log_options() 'slideshow_mode = Fullscreen'
INFO: 2020-06-24 23:17:40,701: log_options() 'slideshow_monitor = All'
INFO: 2020-06-24 23:17:40,701: log_options() 'slideshow_pan = 0.05'
INFO: 2020-06-24 23:17:40,701: log_options() 'slideshow_seconds = 6.0'
INFO: 2020-06-24 23:17:40,701: log_options() 'slideshow_sort_order = Random'
INFO: 2020-06-24 23:17:40,701: log_options() 'slideshow_sources_enabled = True'
INFO: 2020-06-24 23:17:40,701: log_options() 'slideshow_zoom = 0.2'
INFO: 2020-06-24 23:17:40,701: log_options() 'smart_enabled = False'
INFO: 2020-06-24 23:17:40,701: log_options() 'smart_notice_shown = False'
INFO: 2020-06-24 23:17:40,701: log_options() 'smart_register_shown = False'
INFO: 2020-06-24 23:17:40,701: log_options() 'sources = [[True, 'favorites', 'The Favorites folder'], [False, 'fetched', 'The Fetched folder'], [True, 'folder', '/usr/share/backgrounds'], [False, 'flickr', 'user:www.flickr.com/photos/peter-levi/;user_id:93647178@N00;'], [False, 'apod', "NASA's Astronomy Picture of the Day"], [False, 'bing', 'Bing Photo of the Day'], [False, 'chromeos', 'Chrome OS Wallpapers'], [False, 'desktoppr', 'Random wallpapers from Desktoppr.co'], [False, 'earthview', 'Google Earth View Wallpapers'], [False, 'unsplash', 'High-resolution photos from Unsplash.com']]'
INFO: 2020-06-24 23:17:40,701: log_options() 'stats_enabled = True'
INFO: 2020-06-24 23:17:40,701: log_options() 'stats_notice_shown = False'
INFO: 2020-06-24 23:17:40,701: log_options() 'sync_enabled = True'
INFO: 2020-06-24 23:17:40,701: log_options() 'use_landscape_enabled = True'
INFO: 2020-06-24 23:17:40,701: reload_config() 'No need to clear prepared queue'
INFO: 2020-06-24 23:17:40,701: update_indicator() 'Setting file info to: /usr/share/backgrounds/gnome/adwaita-timed.xml'
INFO: 2020-06-24 23:17:40,702: load_last_change_time() 'Change interval < 6 hours, ignore persisted last_change_time, wait initially the whole interval: 300'
INFO: 2020-06-24 23:17:40,702: update_indicator() 'Setting file info to: /usr/share/backgrounds/gnome/adwaita-timed.xml'
INFO: 2020-06-24 23:17:40,703: regular_change_thread() 'regular_change thread running'
INFO: 2020-06-24 23:17:40,703: regular_change_thread() 'regular_change: waiting till user resumes'
INFO: 2020-06-24 23:17:40,703: prepare_thread() 'Prepare thread running'
INFO: 2020-06-24 23:17:40,703: prepare_thread() 'Prepared buffer contains 0 images'
INFO: 2020-06-24 23:17:40,703: prepare_thread() 'Preparing some images'
INFO: 2020-06-24 23:17:40,703: update_indicator_icon() 'Creating indicator'
WARNING: 2020-06-24 23:17:40,710: create_menu() 'Variety Slideshow is not installed. This is an optional extension adding pan-and-zoom slideshows to Variety: see https://github.com/peterlevi/variety-slideshow for details'
INFO: 2020-06-24 23:17:40,710: create_indicator() 'indicator backend: AppIndicator3'
INFO: 2020-06-24 23:17:40,720: prepare_thread() 'After search prepared buffer contains 14 images'
INFO: 2020-06-24 23:17:40,737: set_from_theme_icon() 'Showing indicator icon variety-indicator from GTK theme'
INFO: 2020-06-24 23:17:40,803: do_set_wp() 'Calling do_set_wp with /usr/share/backgrounds/gnome/adwaita-timed.xml, time: 1593055060.8031065'
INFO: 2020-06-24 23:17:40,803: do_set_wp() 'Missing file or bad permissions, will not use it: /usr/share/backgrounds/gnome/adwaita-timed.xml'
INFO: 2020-06-24 23:17:41,913: reload() 'Reloading preferences dialog'
INFO: 2020-06-24 23:17:42,720: trigger_download() 'Triggering download thread to check if download needed'
INFO: 2020-06-24 23:18:00,723: server_options_thread() 'Fetching server options from http://tiny.cc/variety-options-063'
INFO: 2020-06-24 23:18:01,533: server_options_thread() 'Fetched server options: {'flickr': {'min_fill_queue_interval': 1200, 'min_download_interval': 1200}, 'wallbase': {'min_fill_queue_interval': 1800, 'min_download_interval': 1800}, 'wallhaven': {'min_fill_queue_interval': 1800, 'min_download_interval': 1800}, 'wallpapers.net': {'min_fill_queue_interval': 601, 'min_download_interval': 0}, 'unsplash': {'min_fill_queue_interval': 20000000000, 'min_download_interval': 20000000000}, 'unsplash_v2': {'min_fill_queue_interval': 2000, 'min_download_interval': 1200}, 'status_message': {'0.0.1': '', '*': ''}}'
INFO: 2020-06-25 12:39:00,262: process_command() 'Received command: ['-f']'
INFO: 2020-06-25 18:47:42,821: process_command() 'Received command: ['-n']'
INFO: 2020-06-25 18:47:42,826: set_wallpaper() 'Calling set_wallpaper with /usr/share/backgrounds/arcolinux/green-meadows-3360x1050.jpg'
INFO: 2020-06-25 18:47:42,826: prepare_thread() 'Prepared buffer contains 13 images'
INFO: 2020-06-25 18:47:42,826: do_set_wp() 'Calling do_set_wp with /usr/share/backgrounds/arcolinux/green-meadows-3360x1050.jpg, time: 1593125262.8269517'
INFO: 2020-06-25 18:47:42,838: update_indicator() 'Setting file info to: /usr/share/backgrounds/arcolinux/green-meadows-3360x1050.jpg'
INFO: 2020-06-25 18:47:44,684: process_command() 'Received command: ['-n']'
INFO: 2020-06-25 18:47:44,688: set_wallpaper() 'Calling set_wallpaper with /usr/share/backgrounds/arcolinux/sea-of-mystery-3840x2160.jpg'
INFO: 2020-06-25 18:47:44,688: prepare_thread() 'Prepared buffer contains 12 images'
INFO: 2020-06-25 18:47:44,688: do_set_wp() 'Calling do_set_wp with /usr/share/backgrounds/arcolinux/sea-of-mystery-3840x2160.jpg, time: 1593125264.6888585'
INFO: 2020-06-25 18:47:44,701: update_indicator() 'Setting file info to: /usr/share/backgrounds/arcolinux/sea-of-mystery-3840x2160.jpg'
INFO: 2020-06-25 18:47:44,827: trigger_download() 'Triggering download thread to check if download needed'
INFO: 2020-06-25 18:47:46,689: trigger_download() 'Triggering download thread to check if download needed'
INFO: 2020-06-25 18:47:47,232: process_command() 'Received command: ['-n']'
INFO: 2020-06-25 18:47:47,234: set_wallpaper() 'Calling set_wallpaper with /usr/share/backgrounds/arcolinux/transfer-orange-3840x2160-4k.jpg'
INFO: 2020-06-25 18:47:47,234: prepare_thread() 'Prepared buffer contains 11 images'
INFO: 2020-06-25 18:47:47,234: do_set_wp() 'Calling do_set_wp with /usr/share/backgrounds/arcolinux/transfer-orange-3840x2160-4k.jpg, time: 1593125267.2348547'
INFO: 2020-06-25 18:47:47,247: update_indicator() 'Setting file info to: /usr/share/backgrounds/arcolinux/transfer-orange-3840x2160-4k.jpg'
INFO: 2020-06-25 18:47:49,235: trigger_download() 'Triggering download thread to check if download needed'
INFO: 2020-06-25 18:47:49,525: process_command() 'Received command: ['-n']'
INFO: 2020-06-25 18:47:49,528: set_wallpaper() 'Calling set_wallpaper with /usr/share/backgrounds/arcolinux/arco-login.jpg'
INFO: 2020-06-25 18:47:49,528: prepare_thread() 'Prepared buffer contains 10 images'
INFO: 2020-06-25 18:47:49,528: prepare_thread() 'Preparing some images'
INFO: 2020-06-25 18:47:49,528: do_set_wp() 'Calling do_set_wp with /usr/share/backgrounds/arcolinux/arco-login.jpg, time: 1593125269.528886'
INFO: 2020-06-25 18:47:49,537: prepare_thread() 'After search prepared buffer contains 14 images'
INFO: 2020-06-25 18:47:49,541: update_indicator() 'Setting file info to: /usr/share/backgrounds/arcolinux/arco-login.jpg'
INFO: 2020-06-25 18:47:51,537: trigger_download() 'Triggering download thread to check if download needed'
INFO: 2020-06-25 19:03:39,563: process_command() 'Received command: ['-n']'
INFO: 2020-06-25 19:03:39,567: set_wallpaper() 'Calling set_wallpaper with /usr/share/backgrounds/arcolinux/abstract-follow-the-arrow-5000x3535.jpg'
INFO: 2020-06-25 19:03:39,567: prepare_thread() 'Prepared buffer contains 13 images'
INFO: 2020-06-25 19:03:39,567: do_set_wp() 'Calling do_set_wp with /usr/share/backgrounds/arcolinux/abstract-follow-the-arrow-5000x3535.jpg, time: 1593126219.5677066'
INFO: 2020-06-25 19:03:39,578: update_indicator() 'Setting file info to: /usr/share/backgrounds/arcolinux/abstract-follow-the-arrow-5000x3535.jpg'
INFO: 2020-06-25 19:03:41,567: trigger_download() 'Triggering download thread to check if download needed'
INFO: 2020-06-25 19:03:42,753: process_command() 'Received command: ['-n']'
INFO: 2020-06-25 19:03:42,757: set_wallpaper() 'Calling set_wallpaper with /usr/share/backgrounds/arcolinux/abstract-warm-heart-4560x2160.jpg'
INFO: 2020-06-25 19:03:42,757: prepare_thread() 'Prepared buffer contains 12 images'
INFO: 2020-06-25 19:03:42,757: do_set_wp() 'Calling do_set_wp with /usr/share/backgrounds/arcolinux/abstract-warm-heart-4560x2160.jpg, time: 1593126222.7576597'
INFO: 2020-06-25 19:03:42,770: update_indicator() 'Setting file info to: /usr/share/backgrounds/arcolinux/abstract-warm-heart-4560x2160.jpg'
INFO: 2020-06-25 19:03:44,757: trigger_download() 'Triggering download thread to check if download needed'
INFO: 2020-06-25 19:03:46,426: process_command() 'Received command: ['-n']'
INFO: 2020-06-25 19:03:46,429: set_wallpaper() 'Calling set_wallpaper with /usr/share/backgrounds/arcolinux/arco-login.jpg'
INFO: 2020-06-25 19:03:46,429: do_set_wp() 'Calling do_set_wp with /usr/share/backgrounds/arcolinux/arco-login.jpg, time: 1593126226.429462'
INFO: 2020-06-25 19:03:46,429: prepare_thread() 'Prepared buffer contains 11 images'
INFO: 2020-06-25 19:03:46,440: update_indicator() 'Setting file info to: /usr/share/backgrounds/arcolinux/arco-login.jpg'
INFO: 2020-06-25 19:03:48,430: trigger_download() 'Triggering download thread to check if download needed'
INFO: 2020-06-25 23:18:01,579: server_options_thread() 'Fetching server options from http://tiny.cc/variety-options-063'
INFO: 2020-06-25 23:18:02,346: server_options_thread() 'Fetched server options: {'flickr': {'min_fill_queue_interval': 1200, 'min_download_interval': 1200}, 'wallbase': {'min_fill_queue_interval': 1800, 'min_download_interval': 1800}, 'wallhaven': {'min_fill_queue_interval': 1800, 'min_download_interval': 1800}, 'wallpapers.net': {'min_fill_queue_interval': 601, 'min_download_interval': 0}, 'unsplash': {'min_fill_queue_interval': 20000000000, 'min_download_interval': 20000000000}, 'unsplash_v2': {'min_fill_queue_interval': 2000, 'min_download_interval': 1200}, 'status_message': {'0.0.1': '', '*': ''}}'
INFO: 2020-06-26 23:18:02,446: server_options_thread() 'Fetching server options from http://tiny.cc/variety-options-063'
INFO: 2020-06-26 23:18:03,150: server_options_thread() 'Fetched server options: {'flickr': {'min_fill_queue_interval': 1200, 'min_download_interval': 1200}, 'wallbase': {'min_fill_queue_interval': 1800, 'min_download_interval': 1800}, 'wallhaven': {'min_fill_queue_interval': 1800, 'min_download_interval': 1800}, 'wallpapers.net': {'min_fill_queue_interval': 601, 'min_download_interval': 0}, 'unsplash': {'min_fill_queue_interval': 20000000000, 'min_download_interval': 20000000000}, 'unsplash_v2': {'min_fill_queue_interval': 2000, 'min_download_interval': 1200}, 'status_message': {'0.0.1': '', '*': ''}}'
INFO: 2020-06-27 23:18:03,251: server_options_thread() 'Fetching server options from http://tiny.cc/variety-options-063'
INFO: 2020-06-27 23:18:03,927: server_options_thread() 'Fetched server options: {'flickr': {'min_fill_queue_interval': 1200, 'min_download_interval': 1200}, 'wallbase': {'min_fill_queue_interval': 1800, 'min_download_interval': 1800}, 'wallhaven': {'min_fill_queue_interval': 1800, 'min_download_interval': 1800}, 'wallpapers.net': {'min_fill_queue_interval': 601, 'min_download_interval': 0}, 'unsplash': {'min_fill_queue_interval': 20000000000, 'min_download_interval': 20000000000}, 'unsplash_v2': {'min_fill_queue_interval': 2000, 'min_download_interval': 1200}, 'status_message': {'0.0.1': '', '*': ''}}'
