 
New instance of bashtop version: 0.9.1 Pid: 9713
 
New instance of bashtop version: 0.9.1 Pid: 6147
 
New instance of bashtop version: 0.9.1 Pid: 17613
 
New instance of bashtop version: 0.9.1 Pid: 18973
 
New instance of bashtop version: 0.9.1 Pid: 85792
 
New instance of bashtop version: 0.9.1 Pid: 7074
 
New instance of bashtop version: 0.9.1 Pid: 94543
 
New instance of bashtop version: 0.9.1 Pid: 225335
 
New instance of bashtop version: 0.9.1 Pid: 297774
 
New instance of bashtop version: 0.9.1 Pid: 359151
01:23:14 PM ERROR: On line 2213 
01:23:14 PM ERROR: On line 2213 
01:23:24 PM ERROR: On line 2213 (MUTED!)
01:23:24 PM ERROR: On line 2213 (MUTED!)
 
New instance of bashtop version: 0.9.1 Pid: 44513
11:50:21 AM ERROR: On line 2213 
11:50:21 AM ERROR: On line 2213 
11:50:32 AM ERROR: On line 2213 (MUTED!)
11:50:32 AM ERROR: On line 2213 (MUTED!)
 
New instance of bashtop version: 0.9.1 Pid: 6241
08:03:00 PM ERROR: On line 2213 
08:03:00 PM ERROR: On line 2213 
08:03:08 PM ERROR: On line 2213 (MUTED!)
08:03:08 PM ERROR: On line 2213 (MUTED!)
 
New instance of bashtop version: 0.9.1 Pid: 1505892
02:47:40 PM ERROR: On line 2213 
02:47:40 PM ERROR: On line 2213 
02:47:49 PM ERROR: On line 2213 (MUTED!)
02:47:49 PM ERROR: On line 2213 (MUTED!)
 
New instance of bashtop version: 0.9.1 Pid: 79386
06:55:42 PM ERROR: On line 2213 
06:55:42 PM ERROR: On line 2213 
06:55:50 PM ERROR: On line 2213 (MUTED!)
06:55:50 PM ERROR: On line 2213 (MUTED!)
 
New instance of bashtop version: 0.9.11 Pid: 97365
07:05:59 PM ERROR: On line 2295 
07:05:59 PM ERROR: On line 2295 
 
New instance of bashtop version: 0.9.11 Pid: 17728
12:45:42 AM ERROR: On line 2295 
12:45:42 AM ERROR: On line 2295 
12:45:49 AM ERROR: On line 2295 (MUTED!)
12:45:49 AM ERROR: On line 2295 (MUTED!)
 
New instance of bashtop version: 0.9.11 Pid: 131896
02:50:55 PM ERROR: On line 2295 
02:50:55 PM ERROR: On line 2295 
02:51:02 PM ERROR: On line 2295 (MUTED!)
02:51:02 PM ERROR: On line 2295 (MUTED!)
 
New instance of bashtop version: 0.9.11 Pid: 983729
01:04:55 PM ERROR: On line 2295 
01:04:55 PM ERROR: On line 2295 
01:05:02 PM ERROR: On line 2295 (MUTED!)
01:05:02 PM ERROR: On line 2295 (MUTED!)
 
New instance of bashtop version: 0.9.11 Pid: 1678663
11:37:41 PM ERROR: On line 2295 
11:37:41 PM ERROR: On line 2295 
11:37:48 PM ERROR: On line 2295 (MUTED!)
11:37:48 PM ERROR: On line 2295 (MUTED!)
 
New instance of bashtop version: 0.9.12 Pid: 5593
 
New instance of bashtop version: 0.9.12 Pid: 62777
/usr/bin/bashtop: line 1505: -: syntax error: operand expected (error token is "-")
 
New instance of bashtop version: 0.9.12 Pid: 115888
 
New instance of bashtop version: 0.9.12 Pid: 15502
/usr/bin/bashtop: line 1505: -: syntax error: operand expected (error token is "-")
 
New instance of bashtop version: 0.9.12 Pid: 16124
/usr/bin/bashtop: line 1505: -: syntax error: operand expected (error token is "-")
 
New instance of bashtop version: 0.9.12 Pid: 20574
/usr/bin/bashtop: line 1505: -: syntax error: operand expected (error token is "-")
 
New instance of bashtop version: 0.9.12 Pid: 22187
/usr/bin/bashtop: line 1505: -: syntax error: operand expected (error token is "-")
 
New instance of bashtop version: 0.9.12 Pid: 2066
/usr/bin/bashtop: line 1505: -: syntax error: operand expected (error token is "-")
 
New instance of bashtop version: 0.9.12 Pid: 3169
 
New instance of bashtop version: 0.9.12 Pid: 5231
/usr/bin/bashtop: line 1505: -: syntax error: operand expected (error token is "-")
 
New instance of bashtop version: 0.9.12 Pid: 1310
/usr/bin/bashtop: line 1505: -: syntax error: operand expected (error token is "-")
 
New instance of bashtop version: 0.9.12 Pid: 17922
/usr/bin/bashtop: line 1505: -: syntax error: operand expected (error token is "-")
 
New instance of bashtop version: 0.9.12 Pid: 21842
/usr/bin/bashtop: line 1505: -: syntax error: operand expected (error token is "-")
 
New instance of bashtop version: 0.9.24 Pid: 1404183
 
New instance of bashtop version: 0.9.24 Pid: 5636
 
New instance of bashtop version: 0.9.24 Pid: 554297
 
New instance of bashtop version: 0.9.24 Pid: 3913
 
New instance of bashtop version: 0.9.24 Pid: 664115
 
New instance of bashtop version: 0.9.24 Pid: 14065
 
New instance of bashtop version: 0.9.24 Pid: 33517
 
New instance of bashtop version: 0.9.24 Pid: 151020
 
New instance of bashtop version: 0.9.24 Pid: 502044
 
New instance of bashtop version: 0.9.24 Pid: 4304
 
New instance of bashtop version: 0.9.24 Pid: 1392371
/usr/bin/bashtop: line 1334: ((: Ignored line: syntax error in expression (error token is "line")
/usr/bin/bashtop: line 1334: ((: Ignored line: syntax error in expression (error token is "line")
/usr/bin/bashtop: line 1465: ((: /dev/nvme0n1p4: syntax error: operand expected (error token is "/dev/nvme0n1p4")
/usr/bin/bashtop: line 1466: ((: /dev/nvme0n1p4: syntax error: operand expected (error token is "/dev/nvme0n1p4")
/usr/bin/bashtop: line 1468: /: syntax error: operand expected (error token is "/")
Exception ignored in: <_io.TextIOWrapper name='<stdout>' mode='w' encoding='utf-8'>
BrokenPipeError: [Errno 32] Broken pipe
 
New instance of bashtop version: 0.9.24 Pid: 3323976
 
New instance of bashtop version: 0.9.24 Pid: 3325388
 
New instance of bashtop version: 0.9.24 Pid: 3637490
 
New instance of bashtop version: 0.9.24 Pid: 1282
 
New instance of bashtop version: 0.9.24 Pid: 2670
 
New instance of bashtop version: 0.9.24 Pid: 1179
 
New instance of bashtop version: 0.9.24 Pid: 1066529
 
New instance of bashtop version: 0.9.24 Pid: 2482777
 
New instance of bashtop version: 0.9.24 Pid: 3555761
 
New instance of bashtop version: 0.9.24 Pid: 3732423
 
New instance of bashtop version: 0.9.25 Pid: 3802131
 
New instance of bashtop version: 0.9.25 Pid: 1287
 
New instance of bashtop version: 0.9.25 Pid: 1277
 
New instance of bashtop version: 0.9.25 Pid: 61830
 
New instance of bashtop version: 0.9.25 Pid: 168691
 
New instance of bashtop version: 0.9.25 Pid: 913242
 
New instance of bashtop version: 0.9.25 Pid: 1146397
 
New instance of bashtop version: 0.9.25 Pid: 3233846
/usr/bin/bashtop: line 2182: ((: User:: syntax error in expression (error token is ":")
/usr/bin/bashtop: line 2201: Arguments:: syntax error in expression (error token is ":")
Exception ignored in: <_io.TextIOWrapper name='<stdout>' mode='w' encoding='utf-8'>
BrokenPipeError: [Errno 32] Broken pipe
 
New instance of bashtop version: 0.9.25 Pid: 447343
 
New instance of bashtop version: 0.9.25 Pid: 672575
 
New instance of bashtop version: 0.9.25 Pid: 1659214
 
New instance of bashtop version: 0.9.25 Pid: 169731
 
New instance of bashtop version: 0.9.25 Pid: 1529547
 
New instance of bashtop version: 0.9.25 Pid: 2046585
/usr/bin/bashtop: line 2182: ((: User:: syntax error in expression (error token is ":")
/usr/bin/bashtop: line 2201: Arguments:: syntax error in expression (error token is ":")
Exception ignored in: <_io.TextIOWrapper name='<stdout>' mode='w' encoding='utf-8'>
BrokenPipeError: [Errno 32] Broken pipe
 
New instance of bashtop version: 0.9.25 Pid: 1007836
01:37:38 AM ERROR: On line 1887 
01:37:38 AM ERROR: On line 1887 (MUTED!)
/usr/bin/bashtop: line 3405: pid_/dev/nvme0n1p4_graph: invalid variable name
Exception ignored in: <_io.TextIOWrapper name='<stdout>' mode='w' encoding='utf-8'>
BrokenPipeError: [Errno 32] Broken pipe
 
New instance of bashtop version: 0.9.25 Pid: 1290979
 
New instance of bashtop version: 0.9.25 Pid: 1465828
 
New instance of bashtop version: 0.9.25 Pid: 130766
 
New instance of bashtop version: 0.9.25 Pid: 290764
 
New instance of bashtop version: 0.9.25 Pid: 523047
 
New instance of bashtop version: 0.9.25 Pid: 524433
 
New instance of bashtop version: 0.9.25 Pid: 1359
 
New instance of bashtop version: 0.9.25 Pid: 26487
 
New instance of bashtop version: 0.9.25 Pid: 51032
 
New instance of bashtop version: 0.9.25 Pid: 123821
 
New instance of bashtop version: 0.9.25 Pid: 255301
 
New instance of bashtop version: 0.9.25 Pid: 1105126
 
New instance of bashtop version: 0.9.25 Pid: 152591
